<?xml version="1.0" encoding="UTF-8"?>
<!-- Generated by org.testng.reporters.JUnitReportReporter -->
<testsuite hostname="DESKTOP-UK5D04V" failures="0" tests="4" name="runner.AutomationToolSearchRunner" time="0.212" errors="0" timestamp="2024-03-29T16:30:10 IST" skipped="0">
  <testcase classname="runner.AutomationToolSearchRunner" name="runScenario" time="0.145"/>
  <testcase classname="runner.AutomationToolSearchRunner" name="runScenario" time="0.018"/>
  <testcase classname="runner.AutomationToolSearchRunner" name="runScenario" time="0.021"/>
  <testcase classname="runner.AutomationToolSearchRunner" name="runScenario" time="0.028"/>
</testsuite> <!-- runner.AutomationToolSearchRunner -->
