<?xml version="1.0" encoding="UTF-8"?>
<!-- Generated by org.testng.reporters.JUnitReportReporter -->
<testsuite hostname="EC2AMAZ-S11DBRH" failures="0" tests="1" name="runner.GooglePageRunner" time="6.387" errors="0" timestamp="2023-11-02T14:23:31 GMT" skipped="0">
  <testcase classname="runner.GooglePageRunner" name="runScenario" time="6.387"/>
  <system-out/>
</testsuite> <!-- runner.GooglePageRunner -->
