<?xml version="1.0" encoding="UTF-8"?>
<!-- Generated by org.testng.reporters.JUnitReportReporter -->
<testsuite hostname="DESKTOP-UK5D04V" failures="0" tests="4" name="runner.AutomationToolSearchRunner" time="0.225" errors="0" timestamp="2024-04-11T21:03:14 IST" skipped="0">
  <testcase classname="runner.AutomationToolSearchRunner" name="runScenario" time="0.151"/>
  <testcase classname="runner.AutomationToolSearchRunner" name="runScenario" time="0.026"/>
  <testcase classname="runner.AutomationToolSearchRunner" name="runScenario" time="0.022"/>
  <testcase classname="runner.AutomationToolSearchRunner" name="runScenario" time="0.026"/>
</testsuite> <!-- runner.AutomationToolSearchRunner -->
