<?xml version="1.0" encoding="UTF-8"?>
<!-- Generated by org.testng.reporters.JUnitReportReporter -->
<testsuite hostname="DESKTOP-UK5D04V" failures="0" tests="2" name="runner.testRunner" time="0.127" errors="0" timestamp="2024-03-28T19:30:42 IST" skipped="0">
  <testcase classname="runner.testRunner" name="runScenario" time="0.113"/>
  <testcase classname="runner.testRunner" name="runScenario" time="0.014"/>
</testsuite> <!-- runner.testRunner -->
